../d3b1_bv_solver medium_data.txt cone_m2.msh ex4.dat

-- multi_fbeam data --
 "ipw.txt" No.00 -- plane wave --
wave length of incident beam in vacuum      :           1.064
refractive index of surrounding             :            1.33
incident beam power per unit area           :           0.001
x-component of polarization coefficient     :      1+      0i
y-component of polarization coefficient     :      0+      0i
x-component of translation vector           :               0
y-component of translation vector           :               0
z-component of translation vector           :               0
rotation parameter theta               [rad]:             0.3
rotation parameter phi                 [rad]:               0

-- medium data --
medium data file name                  : medium_data.txt
medium (domain) id  1 refractive index :    0.06 +        4I

-- mesh data --
mesh data file name    : cone_m2.msh
node number            :      818
defined element number :     1656



solve modified electromagnetic potential ( mEMP )
  coefficient matrix          finished. Elapsed time :    56 (sec)
  solve mEMP boundary value   finished. Elapsed time :    65 (sec)
solve electromagnteic field
  solve EH boundary value     finished. Elapsed time :     3 (sec)
Total elapsed time : 124 (sec)
