-- multi-wave data --
 "ipw.txt" No.00 -- plane wave --
wave length of incident beam in vacuum      :           1.064
refractive index of surrounding             :            1.33
incident beam power per unit area           :           0.001
x-component of polarization coefficient     :      1+      0i
y-component of polarization coefficient     :      0+      0i
x-component of translation vector           :               0
y-component of translation vector           :               0
z-component of translation vector           :               0
rotation parameter theta               [rad]:               0
rotation parameter phi                 [rad]:               0

-- medium data --
medium data file name                  : medium_data.txt
medium (domain) id  1 refractive index :     1.6 +    1e-06I

-- mesh data --
mesh data file name    : sphere_m3.msh
node number            :     1158
defined element number :     2304


solve modified electromagnetic potential ( mEMP )
  coefficient matrix          finished. Elapsed time :   156 (sec)
  solve mEMP boundary value   finished. Elapsed time :   164 (sec)
solve electromagnteic field
  solve EH boundary value     finished. Elapsed time :    14 (sec)
Total elapsed time : 335 (sec)

