../example1.out v2.dat 

-- multi_fbeam data --
 "ipw.txt" No.00 -- plane wave --
wave length of incident beam in vacuum      :           1.064
refractive index of surrounding             :            1.33
incident beam power per unit area           :           0.001
x-component of polarization coefficient     :      1+      0i
y-component of polarization coefficient     :      0+      0i
x-component of translation vector           :               0
y-component of translation vector           :               0
z-component of translation vector           :               0
rotation parameter theta               [rad]:               0
rotation parameter phi                 [rad]:               0

-- medium data --
medium data file name                  : medium_data.txt
medium (domain) id  1 refractive index :     1.6 +    1e-06I
medium (domain) id  2 refractive index :     1.6 +    1e-06I
medium (domain) id  3 refractive index :     1.6 +    1e-06I

-- mesh data --
mesh data file name    : sphere_m3.msh
node number            :     1158
defined element number :     2304


Total electromagnetic field at r=(  0.3, 0, 1.1 )
type=0 setting ( 4 point Gauss-Legendre )
Ex = -2.81936287055620e-02 +2.76715568157840e-02 I 
Ey =  6.81494916045213e-18 +1.59685723188723e-15 I 
Ez =  2.34217453674411e-04 -4.96257829419799e-06 I 
Hx =  1.91899281138646e-16 +2.06131224877177e-17 I 
Hy = -3.75453772433748e-02 +3.67812710624669e-02 I 
Hz = -2.44625645495659e-16 +3.55980816182332e-18 I 
type=1 setting ( 9 or 7 point Gauss-Legendre )
Ex = -2.81936279191021e-02 +2.76715563122077e-02 I 
Ey =  6.04520797010494e-18 +1.59675880412195e-15 I 
Ez =  2.34215938284301e-04 -4.96249609624969e-06 I 
Hx =  1.93396126508845e-16 +2.18485068078203e-17 I 
Hy = -3.75453780149506e-02 +3.67812712178349e-02 I 
Hz = -2.44128651412276e-16 +2.44811381474459e-18 I 

Radiation force and torque
type=0 setting ( 4 point Gauss-Legendre ) 
F = ( 2.22997305232456e-18, 4.77470884180473e-17, 8.31063527266774e-07)
N = (-2.00421064774046e-18, 9.82067204403377e-18,-1.37818150044236e-17), center of rotation ( 0, 0, 0)
type=1 setting ( 9 or 7 point Gauss-Legendre ) 
F = ( 1.07544596939326e-17, 5.02425930644463e-17, 8.30730512381358e-07)
N = (-2.05244024053597e-18, 1.07993789099167e-17,-1.40794759478508e-17), center of rotation ( 0, 0, 0)

Absorbed energy
type=0 setting ( 4 point Gauss-Legendre ) 
P = 2.28534730202766e-09
loss of significance (catastrophic cancellation) occurred.
The absorbed energy is even smaller than the returned value.
type=1 setting ( 9 or 7 point Gauss-Legendre ) 
P = 2.46475115306871e-09
loss of significance (catastrophic cancellation) occurred.
The absorbed energy is even smaller than the returned value.
