./example1.out ex.dat 

-- multi_fbeam data --
 "ipw.txt" No.00 -- plane wave --
wave length of incident beam in vacuum      :           1.064
refractive index of surrounding             :            1.33
incident beam power per unit area           :           0.001
x-component of polarization coefficient     :      1+      0i
y-component of polarization coefficient     :      0+      0i
x-component of translation vector           :               0
y-component of translation vector           :               0
z-component of translation vector           :               0
rotation parameter theta               [rad]:               0
rotation parameter phi                 [rad]:               0

-- medium data --
medium data file name                  : medium_data.txt
medium (domain) id  1 refractive index :     1.6 +        0I
medium (domain) id  2 refractive index :    0.06 +        4I

-- mesh data --
mesh data file name    : sphere_m1.msh
node number            :     1179
defined element number :     2400


Total electromagnetic field at r=(  0.3, 0, 1.1 )
type=0 setting ( 4 point Gauss-Legendre )
Ex = -3.08018214762374e-02 +6.13389069823556e-03 I 
Ey = -3.15647885588006e-17 -6.21521010995588e-18 I 
Ez = -4.31050238172345e-03 +7.55135887799425e-03 I 
Hx =  4.27844810635569e-17 +7.00665651754553e-18 I 
Hy = -4.04688506470662e-02 +5.89915058700380e-03 I 
Hz = -7.83928990206527e-18 -9.73410259908526e-18 I 
type=1 setting ( 9 or 7 point Gauss-Legendre )
Ex = -3.08004605744334e-02 +6.13352778528600e-03 I 
Ey = -3.29395231319420e-17 -6.33559468722505e-18 I 
Ez = -4.31031030418762e-03 +7.55158067466523e-03 I 
Hx =  4.79268182215405e-17 +1.06616037070894e-17 I 
Hy = -4.04680754328360e-02 +5.90005061901167e-03 I 
Hz = -6.86689610339028e-18 -1.15137188520271e-17 I 

Radiation force and torque
type=0 setting ( 4 point Gauss-Legendre ) 
F = ( 1.71778281703172e-18,-1.88718940648258e-18, 1.00675898260964e-03)
N = ( 2.40927933934645e-19,-2.74306326012385e-19,-1.88041314290455e-19), center of rotation ( 0, 0, 0)
type=1 setting ( 9 or 7 point Gauss-Legendre ) 
F = ( 1.90751819721668e-18,-1.95834017405194e-18, 9.94790701600982e-04)
N = ( 2.39908847419980e-19,-2.63797823510511e-19,-1.12628912205220e-19), center of rotation ( 0, 0, 0)

Absorbed energy
type=0 setting ( 4 point Gauss-Legendre ) 
P = 1.39921133636781e-05
type=1 setting ( 9 or 7 point Gauss-Legendre ) 
P = 1.34973893449876e-05
