-- multi-wave data --
 "ipw.txt" No.00 -- plane wave --
wave length of incident beam in vacuum      :           1.064
refractive index of surrounding             :            1.33
incident beam power per unit area           :           0.001
x-component of polarization coefficient     :      1+      0i
y-component of polarization coefficient     :      0+      0i
x-component of translation vector           :               0
y-component of translation vector           :               0
z-component of translation vector           :               0
rotation parameter theta               [rad]:               0
rotation parameter phi                 [rad]:               0

-- medium data --
medium data file name                  : medium_data.txt
medium (domain) id  1 refractive index :     1.6 +        0I
medium (domain) id  2 refractive index :    0.06 +        4I

-- mesh data --
mesh data file name    : sphere_m2.msh
node number            :     1090
defined element number :     2172

Total electromagnetic field at r=(  0.3, 0, 1.1 )
type=0 setting ( 4 point Gauss-Legendre )
Ex = -3.39852330474743e-02 +9.94090595399045e-03 I 
Ey =  8.12378048530610e-18 -6.13644134794132e-17 I 
Ez = -1.70761880757640e-03 +7.76820880780690e-03 I 
Hx = -1.31379892070254e-16 -8.88190276494444e-17 I 
Hy = -4.53348271666994e-02 +1.07778549036198e-02 I 
Hz =  3.53992008652150e-17 +4.90622657952579e-17 I 
type=1 setting ( 9 or 7 point Gauss-Legendre )
Ex = -3.39846643332345e-02 +9.94130650299644e-03 I 
Ey =  5.39215880266154e-18 -5.82151980362474e-17 I 
Ez = -1.70757666964377e-03 +7.76804452936578e-03 I 
Hx = -1.33861698852277e-16 -8.67120333598415e-17 I 
Hy = -4.53337134134243e-02 +1.07796235610562e-02 I 
Hz =  3.25582524265600e-17 +5.15364491262658e-17 I 

Radiation force and torque
type=0 setting ( 4 point Gauss-Legendre ) 
F = (-1.13841228110978e-18,-1.93801138331784e-18, 7.81862645202862e-04)
N = ( 3.67982876022790e-19,-3.03138533443533e-19,-3.62477161865637e-19), center of rotation ( 0, 0, 0)
type=1 setting ( 9 or 7 point Gauss-Legendre ) 
F = (-7.77576245579448e-19,-2.20567379465020e-18, 7.84362687730703e-04)
N = ( 3.65177079385010e-19,-2.87882014225605e-19,-3.61630128918383e-19), center of rotation ( 0, 0, 0)
