./example1.out v1.dat 

 "ipw.txt" No.00 -- plane wave --
wave length of incident beam in vacuum      :           1.064
refractive index of surrounding             :            1.33
incident beam power per unit area           :           0.001
x-component of polarization coefficient     :      1+      0i
y-component of polarization coefficient     :      0+      0i
x-component of translation vector           :               0
y-component of translation vector           :               0
z-component of translation vector           :               0
rotation parameter theta               [rad]:               0
rotation parameter phi                 [rad]:               0

--------- sphere data ---------
sphere id 0
  basic sampling number on sphere surface       :               32
  division number of sphere surface     (per PI):                4
  limit of order number l                       :               40
  x-coordinate of sphere center                 :                0
  y-coordinate of sphere center                 :                0
  z-coordinate of sphere center                 :                0
  layer id 0
    radius of layer                             :              0.2
    refractive index of layer                   :     1.6+      0I
  layer id 1
    radius of layer                             :              0.3
    refractive index of layer                   :    0.06+      4I

 "ipw.txt" No.00 -- plane wave, MKSA system --
wave length of incident beam in vacuum   [m]:       1.064e-06
refractive index of surrounding             :            1.33
incident beam power per unit area    [W/m^2]:         1000000
x-component of polarization coefficient     :      1+      0i
y-component of polarization coefficient     :      0+      0i
x-component of translation vector        [m]:               0
y-component of translation vector        [m]:               0
z-component of translation vector        [m]:               0
rotation parameter theta               [rad]:               0
rotation parameter phi                 [rad]:               0

--------- sphere data, MKSA system ---------
sphere id 0
  basic sampling number on sphere surface       :               32
  division number of sphere surface     (per PI):                4
  limit of order number l                       :               40
  x-coordinate of sphere center              [m]:                0
  y-coordinate of sphere center              [m]:                0
  z-coordinate of sphere center              [m]:                0
  layer id 0
    radius of layer                          [m]:            2e-07
    refractive index of layer                   :     1.6+      0I
  layer id 1
    radius of layer                          [m]:            3e-07
    refractive index of layer                   :    0.06+      4I

Electromagnetic field at r=(  0.5, 0,-1 )
Ex = -2.86590081607436e-04 -3.15039077741635e-02 I (=-1.75904293375045e+02 -1.93365820773855e+04 I [V/m](MKSA))
Ey =  1.53375893954246e-19 +4.22673092703267e-19 I (= 9.41396090732238e-14 +2.59429814470885e-13 I [V/m](MKSA))
Ez = -1.06560876860938e-03 +1.97466289542256e-03 I (=-6.54053191251892e+02 +1.21201571012153e+03 I [V/m](MKSA))
Hx =  1.15539639749732e-19 +4.97635935359569e-19 I (= 1.88241652033874e-16 +8.10767722544540e-16 I [A/m](MKSA))
Hy =  1.06652030704635e-03 -6.15786009590602e-02 I (= 1.73761615460242e+00 -1.00326239544944e+02 I [A/m](MKSA))
Hz =  6.33630622066628e-20 +4.07849166352894e-19 I (= 1.03233552861540e-16 +6.64483644065411e-16 I [A/m](MKSA))
Real electromagnetic field at t=0.001
Ex = -4.72622434258775e-04 (=-2.90087901385789e+02 [V/m](MKSA))
Ey =  1.55869195201048e-19 (= 9.56699565002177e-14 [V/m](MKSA))
Ez = -1.05392937972037e-03 (=-6.46884573838305e+02 [V/m](MKSA))
Hx =  1.18476272411944e-19 (= 1.93026127603893e-16 [A/m](MKSA))
Hy =  7.02866831504305e-04 (= 1.14513784021463e+00 [A/m](MKSA))
Hz =  6.57703944386300e-20 (= 1.07155671688650e-16 [A/m](MKSA))

Radiation force and torque
Mie coefficient
sphere id  0, F=( -2.0660773537106e-19,-3.0824773221724e-19, 0.00079028699725996 )
           0, N=( -2.5456735166526e-21, 2.5433345452697e-21, 8.3255262238631e-21 )
           0, F=( -6.8916922309986e-31,-1.0282037589393e-30, 2.6361136718788e-15 ) [ N ](MKSA)
           0, N=( -8.4914528325213e-39, 8.4836508637908e-39, 2.7770966219114e-38 ) [N m](MKSA)
Surface integral
sphere id  0, F=( -1.1665728178835e-20,-1.1098380183204e-19, 0.00079028699725996 )
           0, N=(  3.6420097556604e-20, 1.1745302953763e-19,-4.6901714265189e-21 )
           0, F=( -3.8912680648008e-32,-3.7020211439756e-31, 2.6361136718788e-15 ) [ N ](MKSA)
           0, N=(  1.2148436888497e-37, 3.9178113526001e-37,-1.564472788211e-38 ) [N m](MKSA)

Absorbed energy
Mie coefficients
sphere id  0, P= 1.9085011901516e-05
           0, P= 1.9085011901516e-08 [W]
Surface integral of Poynting vector (verification)
sphere id  0, P= 1.9085011901517e-05
           0, P= 1.9085011901517e-08 [W]
