./example1.out v2.dat 

 "ipw.txt" No.00 -- plane wave --
wave length of incident beam in vacuum      :           1.064
refractive index of surrounding             :            1.33
incident beam power per unit area           :           0.001
x-component of polarization coefficient     :      1+      0i
y-component of polarization coefficient     :      0+      0i
x-component of translation vector           :               0
y-component of translation vector           :               0
z-component of translation vector           :               0
rotation parameter theta               [rad]:               0
rotation parameter phi                 [rad]:               0

---- sphere data ( msphr.txt ) ----
number of spheres                             :                3
  Sphere ID 0
radius of sphere                              :              0.1
refractive index of sphere                    :     1.6+  1e-06i
x-coordinate of sphere center                 :                0
y-coordinate of sphere center                 :                0
z-coordinate of sphere center                 :                0
basic sampling number on sphere surface       :               32
division number for sphere surface    (per PI):                4
limit of order number l                       :               40
  Sphere ID 1
radius of sphere                              :              0.1
refractive index of sphere                    :     1.6+  1e-06i
x-coordinate of sphere center                 :                0
y-coordinate of sphere center                 :                0
z-coordinate of sphere center                 :             0.22
basic sampling number on sphere surface       :               32
division number for sphere surface    (per PI):                4
limit of order number l                       :               40
  Sphere ID 2
radius of sphere                              :              0.1
refractive index of sphere                    :     1.6+  1e-06i
x-coordinate of sphere center                 :                0
y-coordinate of sphere center                 :                0
z-coordinate of sphere center                 :            -0.22
basic sampling number on sphere surface       :               32
division number for sphere surface    (per PI):                4
limit of order number l                       :               40

 "ipw.txt" No.00 -- plane wave, MKSA system --
wave length of incident beam in vacuum   [m]:       1.064e-06
refractive index of surrounding             :            1.33
incident beam power per unit area    [W/m^2]:         1000000
x-component of polarization coefficient     :      1+      0i
y-component of polarization coefficient     :      0+      0i
x-component of translation vector        [m]:               0
y-component of translation vector        [m]:               0
z-component of translation vector        [m]:               0
rotation parameter theta               [rad]:               0
rotation parameter phi                 [rad]:               0

---- sphere data ( msphr.txt ), MKSA system ----
number of spheres                             :                3
  Sphere ID 0
radius of sphere                           [m]:            1e-07
refractive index of sphere                    :     1.6+  1e-06i
x-coordinate of sphere center              [m]:                0
y-coordinate of sphere center              [m]:                0
z-coordinate of sphere center              [m]:                0
basic sampling number on sphere surface       :               32
division number for sphere surface    (per PI):                4
limit of order number l                       :               40
  Sphere ID 1
radius of sphere                           [m]:            1e-07
refractive index of sphere                    :     1.6+  1e-06i
x-coordinate of sphere center              [m]:                0
y-coordinate of sphere center              [m]:                0
z-coordinate of sphere center              [m]:          2.2e-07
basic sampling number on sphere surface       :               32
division number for sphere surface    (per PI):                4
limit of order number l                       :               40
  Sphere ID 2
radius of sphere                           [m]:            1e-07
refractive index of sphere                    :     1.6+  1e-06i
x-coordinate of sphere center              [m]:                0
y-coordinate of sphere center              [m]:                0
z-coordinate of sphere center              [m]:         -2.2e-07
basic sampling number on sphere surface       :               32
division number for sphere surface    (per PI):                4
limit of order number l                       :               40

Electromagnetic field at r=(  0.3, 0, 1.1 )
Ex = -2.81973461925636e-02 +2.76632904454677e-02 I (=-1.73070687904982e+04 +1.69792741289075e+04 I [V/m](MKSA))
Ey =  9.00870526236802e-20 -1.51732981020001e-20 I (= 5.52939559008023e-14 -9.31312160501500e-15 I [V/m](MKSA))
Ez =  2.38473668583368e-04 -4.41885586817013e-06 I (= 1.46371227941419e+02 -2.71222128364287e+00 I [V/m](MKSA))
Hx = -1.16372993810250e-19 +2.05079995928332e-20 I (=-1.89599384716966e-16 +3.34124265198245e-17 I [A/m](MKSA))
Hy = -3.75649967601905e-02 +3.67856538189188e-02 I (=-6.12023463471268e+01 +5.99326106695386e+01 I [A/m](MKSA))
Hz =  3.51531737390861e-20 -5.59355346618778e-21 I (= 5.72729109525779e-17 -9.11323375679321e-18 I [A/m](MKSA))
Real electromagnetic field at t=0.001
Ex = -2.80334968670365e-02 (=-1.72065007608401e+04 [V/m](MKSA))
Ey =  8.99958802837816e-20 (= 5.52379958133658e-14 [V/m](MKSA))
Ez =  2.38443416278081e-04 (= 1.46352659572428e+02 [V/m](MKSA))
Hx = -1.16249860590997e-19 (=-1.89398771311362e-16 [A/m](MKSA))
Hy = -3.73471145836435e-02 (=-6.08473642738678e+01 [A/m](MKSA))
Hz =  3.51195296746731e-20 (= 5.72180967409363e-17 [A/m](MSKA))

Radiation force and torque
Mie coefficient
sphere id  0, F=( -5.8068717304224e-21,-7.0352516734257e-21,-1.0428013200211e-08 )
           0, N=( -6.9125202624519e-28, 1.0473321054745e-27, 6.2863327993331e-24 )
           0, F=( -1.9369639146901e-32,-2.3467073589375e-32,-3.4784107878428e-20 ) [ N ](MKSA)
           0, N=( -2.3057685668836e-45, 3.4935238613457e-45, 2.096894912324e-41 ) [N m](MKSA)
Mie coefficient
sphere id  1, F=( -5.5449424190915e-21,-7.7320704469054e-21, 6.3736994822087e-07 )
           1, N=( -7.7064703631177e-28, 1.1165790401882e-27, 7.6867483173357e-24 )
           1, F=( -1.8495937009501e-32,-2.5791410826304e-32, 2.1260373008479e-18 ) [ N ](MKSA)
           1, N=( -2.5706018138447e-45, 3.724506772576e-45, 2.564023247488e-41 ) [N m](MKSA)
Mie coefficient
sphere id  2, F=( -5.7415519160898e-21,-6.8220091027114e-21, 2.4426598887455e-07 )
           2, N=( -7.0208525380882e-28, 1.0646971865918e-27,-1.1770639628292e-23 )
           2, F=( -1.9151755699237e-32,-2.2755772937795e-32, 8.1478363566621e-19 ) [ N ](MKSA)
           2, N=( -2.341904324387e-45, 3.551447537055e-45,-3.9262627575146e-41 ) [N m](MKSA)
