./mie_ms_solver v2.dat

 "ipw.txt" No.00 -- plane wave --
wave length of incident beam in vacuum      :           1.064
refractive index of surrounding             :            1.33
incident beam power per unit area           :           0.001
x-component of polarization coefficient     :      1+      0i
y-component of polarization coefficient     :      0+      0i
x-component of translation vector           :               0
y-component of translation vector           :               0
z-component of translation vector           :               0
rotation parameter theta               [rad]:               0
rotation parameter phi                 [rad]:               0

---- sphere data ( msphr.txt ) ----
number of spheres                             :                3
  Sphere ID 0
radius of sphere                              :              0.1
refractive index of sphere                    :     1.6+  1e-06i
x-coordinate of sphere center                 :                0
y-coordinate of sphere center                 :                0
z-coordinate of sphere center                 :                0
basic sampling number on sphere surface       :               32
division number for sphere surface    (per PI):                4
limit of order number l                       :               40
  Sphere ID 1
radius of sphere                              :              0.1
refractive index of sphere                    :     1.6+  1e-06i
x-coordinate of sphere center                 :                0
y-coordinate of sphere center                 :                0
z-coordinate of sphere center                 :             0.22
basic sampling number on sphere surface       :               32
division number for sphere surface    (per PI):                4
limit of order number l                       :               40
  Sphere ID 2
radius of sphere                              :              0.1
refractive index of sphere                    :     1.6+  1e-06i
x-coordinate of sphere center                 :                0
y-coordinate of sphere center                 :                0
z-coordinate of sphere center                 :            -0.22
basic sampling number on sphere surface       :               32
division number for sphere surface    (per PI):                4
limit of order number l                       :               40

iterative operation start (convergence criterion : cv < 1e-12)
  0, cv : 0.9984	0.364829	0.844567	
  1, cv : 0.781525	0.0285991	0.252608	
  2, cv : 0.00363562	0.00156011	0.00185981	
  3, cv : 0.0101727	3.53084e-05	0.0003983	
  4, cv : 0.000277322	4.96393e-06	1.22094e-06	
  5, cv : 1.57751e-05	4.56075e-08	4.35179e-07	
  6, cv : 6.91828e-07	1.13703e-08	1.52392e-08	
  7, cv : 2.17365e-08	2.70717e-10	1.91776e-10	
  8, cv : 8.00175e-10	2.35201e-11	7.42675e-11	
  9, cv : 2.33591e-12	6.14842e-13	2.56795e-12	
 10, cv : 1.0012e-12	5.34017e-14	2.367e-13	
 11, cv : 2.22045e-15	1.33227e-15	1.35447e-14	
 12, cv : 0	1.33227e-15	4.44089e-16	
