../example1.out ex2.dat 

-- multi_fbeam data --
 "ipw.txt" No.00 -- plane wave --
wave length of incident beam in vacuum      :           1.064
refractive index of surrounding             :            1.33
incident beam power per unit area           :           0.001
x-component of polarization coefficient     :      1+      0i
y-component of polarization coefficient     :      0+      0i
x-component of translation vector           :               0
y-component of translation vector           :               0
z-component of translation vector           :               0
rotation parameter theta               [rad]:             0.3
rotation parameter phi                 [rad]:               0

-- medium data --
medium data file name                  : medium_data.txt
medium (domain) id  1 refractive index :    0.06 +        4I

-- mesh data --
mesh data file name    : cone_m1.msh
node number            :      893
defined element number :     1818

-- rotation and translation settings --
vector defining rotation axis :(       1,       0,       0)
rotation angle           [rad]: 3.141593

Total electromagnetic field at r=(  0.3, 0, 1.1 )
type=0 setting ( 4 point Gauss-Legendre )
Ex = -3.13985083974724e-02 +1.11406029165734e-02 I 
Ey =  1.97660094591290e-12 -2.47421048346323e-12 I 
Ez =  1.01947473833410e-02 -3.07935265801060e-03 I 
Hx =  2.38023208458262e-12 +4.84662761075529e-12 I 
Hy = -4.64605764044280e-02 +1.38847017807005e-02 I 
Hz =  1.77356472642398e-12 -6.26748476574869e-12 I 
type=1 setting ( 9 or 7 point Gauss-Legendre )
Ex = -3.13981213596073e-02 +1.11409328792334e-02 I 
Ey =  1.97594425551228e-12 -2.47432226964722e-12 I 
Ez =  1.01946721289336e-02 -3.07944437021627e-03 I 
Hx =  2.38000675747432e-12 +4.84646714934063e-12 I 
Hy = -4.64605098384299e-02 +1.38846413230306e-02 I 
Hz =  1.77356935180314e-12 -6.26660699060507e-12 I 

Radiation force and torque
type=0 setting ( 4 point Gauss-Legendre ) 
F = ( 1.14917293368556e-04, 5.42304357209434e-14, 4.79860668473948e-04)
N = (-7.06146236658365e-14, 1.85436723057128e-05,-4.94992017764068e-13), center of rotation ( 0, 0, 0)
type=1 setting ( 9 or 7 point Gauss-Legendre ) 
F = ( 1.05648244568368e-04, 1.58386944916966e-13, 4.32470474074379e-04)
N = (-6.30512572626649e-14, 1.88948171892102e-05,-4.71513012824647e-13), center of rotation ( 0, 0, 0)

Absorbed energy
type=0 setting ( 4 point Gauss-Legendre ) 
P = 1.67496568425040e-05
type=1 setting ( 9 or 7 point Gauss-Legendre ) 
P = 1.55819335302274e-05
